0 info it worked if it ends with ok
1 verbose cli [ '/usr/local/Cellar/node/6.8.0/bin/node',
1 verbose cli   '/usr/local/bin/npm',
1 verbose cli   'run',
1 verbose cli   'dev' ]
2 info using npm@3.10.8
3 info using node@v6.8.0
4 verbose stack Error: ENOENT: no such file or directory, open '/Users/william_shaw/ga/burrows/WDI_NYC_BURROW/unit_04/w11_d02/lecture/package.json'
4 verbose stack     at Error (native)
5 verbose cwd /Users/william_shaw/ga/burrows/WDI_NYC_BURROW/unit_04/w11_d02/lecture
6 error Darwin 14.5.0
7 error argv "/usr/local/Cellar/node/6.8.0/bin/node" "/usr/local/bin/npm" "run" "dev"
8 error node v6.8.0
9 error npm  v3.10.8
10 error path /Users/william_shaw/ga/burrows/WDI_NYC_BURROW/unit_04/w11_d02/lecture/package.json
11 error code ENOENT
12 error errno -2
13 error syscall open
14 error enoent ENOENT: no such file or directory, open '/Users/william_shaw/ga/burrows/WDI_NYC_BURROW/unit_04/w11_d02/lecture/package.json'
15 error enoent ENOENT: no such file or directory, open '/Users/william_shaw/ga/burrows/WDI_NYC_BURROW/unit_04/w11_d02/lecture/package.json'
15 error enoent This is most likely not a problem with npm itself
15 error enoent and is related to npm not being able to find a file.
16 verbose exit [ -2, true ]
